<?xml version="1.0" encoding="UTF-8"?>
<!-- Generated by org.testng.reporters.JUnitReportReporter -->
<testsuite name="space.testsuites.LoginFunction" tests="1" time="0.008" ignored="0" failures="0" timestamp="27 Mar 2017 18:02:25 GMT" skipped="0" hostname="dell-PC" errors="0">
  <testcase name="verifyPageTitle" time="0.008" classname="space.testsuites.LoginFunction"/>
</testsuite> <!-- space.testsuites.LoginFunction -->
